{
  "stats": {
    "suites": 1,
    "tests": 4,
    "passes": 1,
    "pending": 0,
    "failures": 3,
    "start": "2024-02-23T11:11:12.540Z",
    "end": "2024-02-23T11:14:50.705Z",
    "duration": 218165,
    "testsRegistered": 4,
    "passPercent": 25,
    "pendingPercent": 0,
    "other": 0,
    "hasOther": false,
    "skipped": 0,
    "hasSkipped": false
  },
  "results": [
    {
      "uuid": "62123f3c-63e8-40fd-ad6a-36733a66d8f1",
      "title": "",
      "fullFile": "cypress\\e2e\\uiTest.cy.js",
      "file": "cypress\\e2e\\uiTest.cy.js",
      "beforeHooks": [],
      "afterHooks": [],
      "tests": [],
      "suites": [
        {
          "uuid": "6cff9ae3-f9c9-4476-8bb0-3e0c39ee3468",
          "title": "Validate superUser an create different type of user",
          "fullFile": "",
          "file": "",
          "beforeHooks": [],
          "afterHooks": [],
          "tests": [
            {
              "title": "Verify User is able to login",
              "fullTitle": "Validate superUser an create different type of user Verify User is able to login",
              "timedOut": null,
              "duration": 44021,
              "state": "passed",
              "speed": "slow",
              "pass": true,
              "fail": false,
              "pending": false,
              "context": "{\n  \"title\": \"cypress-mochawesome-reporter-videos-passed\",\n  \"value\": \"cypress\\\\e2e\\\\uiTest.cy.js\"\n}",
              "code": "//cy.wait(6000);\nloginObj.verifyUserOnDashboard();\ncy.logger(\"application\", \"Validated SuperAdmin on Dashboard-->Login Test\");\nconst loadTime = Date.now() - startTime;\ncy.logger(\"performance\", `TotalTime taken to LoginUser: ${loadTime}ms`);",
              "err": {},
              "uuid": "bd3620fa-c8c8-4fdb-af3a-c09feb020b2b",
              "parentUUID": "6cff9ae3-f9c9-4476-8bb0-3e0c39ee3468",
              "isHook": false,
              "skipped": false
            },
            {
              "title": "Super Admin creates new Admin",
              "fullTitle": "Validate superUser an create different type of user Super Admin creates new Admin",
              "timedOut": null,
              "duration": 54070,
              "state": "failed",
              "speed": null,
              "pass": false,
              "fail": true,
              "pending": false,
              "context": "[\n  {\n    \"title\": \"cypress-mochawesome-reporter-videos-failed\",\n    \"value\": \"cypress\\\\e2e\\\\uiTest.cy.js\"\n  },\n  {\n    \"title\": \"cypress-mochawesome-reporter-screenshots\",\n    \"value\": [\n      [\n        \"\\\\uiTest.cy.js\\\\Validate superUser an create different type of user -- Super Admin creates new Admin (failed).png\"\n      ]\n    ]\n  }\n]",
              "code": "cy.fixture(\"admin\").then(adminData => {\n  //cy.wait(3000);\n  const username = adminData.adminUserName + (0, _utils.generateRandomString)(3);\n  adminObj.clickAdminCreationTab();\n  adminObj.clickOnOpeningAdminCreation();\n  adminObj.createAdmin(adminData.adminFirstName, adminData.adminLastName, adminData.adminMobileNumber, adminData.adminEmail, username, adminData.adminPassword, adminData.adminConfirmPassword);\n  cy.logger(\"application\", \"Form Filled for Admin creation on Dashboard-->Admin Creation\");\n  adminObj.clickOnCreateAdmin();\n  cy.logger(\"application\", \"Clicked on Admin Creating button -->Admin Creation\");\n  // loginObj.verifyLoginSuccessMsg(registerUserdata.loginmsg);\n  //cy.wait(3000);\n  adminObj.verifyAdminOnDashboard(username);\n  cy.logger(\"application\", \"Validated SuperAdmin on Dashboard-->Admin Creation\");\n});",
              "err": {
                "message": "AssertionError: Timed out retrying after 20000ms: expected '<td>' to have text 'johnOOR', but the text was 'Abbey_Admin'",
                "estack": "AssertionError: Timed out retrying after 20000ms: expected '<td>' to have text 'johnOOR', but the text was 'Abbey_Admin'\n    at Admin.verifyAdminOnDashboard (webpack://cypressframework/./cypress/PageClass/Admin.js:38:46)\n    at Context.eval (webpack://cypressframework/./cypress/e2e/uiTest/superAdmin/SuperAdminCreatedUsers.cy.js:66:15)",
                "diff": "- 'Abbey_Admin'\n+ 'johnOOR'\n"
              },
              "uuid": "882dcee8-dae2-4134-b5b7-77060e0c8cfe",
              "parentUUID": "6cff9ae3-f9c9-4476-8bb0-3e0c39ee3468",
              "isHook": false,
              "skipped": false
            },
            {
              "title": "Super Admin creates new Diagnostician",
              "fullTitle": "Validate superUser an create different type of user Super Admin creates new Diagnostician",
              "timedOut": null,
              "duration": 66003,
              "state": "failed",
              "speed": null,
              "pass": false,
              "fail": true,
              "pending": false,
              "context": "[\n  {\n    \"title\": \"cypress-mochawesome-reporter-videos-failed\",\n    \"value\": \"cypress\\\\e2e\\\\uiTest.cy.js\"\n  },\n  {\n    \"title\": \"cypress-mochawesome-reporter-screenshots\",\n    \"value\": [\n      [\n        \"\\\\uiTest.cy.js\\\\Validate superUser an create different type of user -- Super Admin creates new Diagnostician (failed).png\"\n      ]\n    ]\n  }\n]",
              "code": "cy.fixture(\"diagnostician\").then(diagnosticianData => {\n  //cy.wait(3000);\n  const username = diagnosticianData.diagnosticianUserName + (0, _utils.generateRandomString)(3);\n  diagnosticianObj.clickDiagnosticianCreationTab();\n  diagnosticianObj.clickOnOpeningDiagnosticianCreation();\n  diagnosticianObj.createDiagnostician(diagnosticianData.diagnosticianFirstName, diagnosticianData.diagnosticianLastName, diagnosticianData.diagnosticianMobileNumber, diagnosticianData.diagnosticianEmail, username, diagnosticianData.diagnosticianPassword, diagnosticianData.diagnosticianConfirmPassword);\n  cy.logger(\"application\", \"Form Filled for Diagnostician creation on Dashboard-->Diagnostician Creation\");\n  diagnosticianObj.clickOnCreateDiagnostician();\n  cy.logger(\"application\", \"Clicked on Diagnostician Creating button -->Diagnostician Creation\");\n  // loginObj.verifyLoginSuccessMsg(registerUserdata.loginmsg);\n  //cy.wait(3000);\n  diagnosticianObj.verifyDiagnosticianOnDashboard(username);\n  cy.logger(\"application\", \"Validated  newly created Diagnostician on Dashboard-->Diagnostician Test\");\n});",
              "err": {
                "message": "AssertionError: Timed out retrying after 20000ms: expected '<td>' to have text 'michaelrun', but the text was 'ADHD_NancyDiag'",
                "estack": "AssertionError: Timed out retrying after 20000ms: expected '<td>' to have text 'michaelrun', but the text was 'ADHD_NancyDiag'\n    at Diagnostician.verifyDiagnosticianOnDashboard (webpack://cypressframework/./cypress/PageClass/Diagnostician.js:39:54)\n    at Context.eval (webpack://cypressframework/./cypress/e2e/uiTest/superAdmin/SuperAdminCreatedUsers.cy.js:101:23)",
                "diff": "- 'ADHD_NancyDiag'\n+ 'michaelrun'\n"
              },
              "uuid": "381199c8-dea4-4192-835a-bbb9de660f5a",
              "parentUUID": "6cff9ae3-f9c9-4476-8bb0-3e0c39ee3468",
              "isHook": false,
              "skipped": false
            },
            {
              "title": "Super Admin creates new Director",
              "fullTitle": "Validate superUser an create different type of user Super Admin creates new Director",
              "timedOut": null,
              "duration": 48828,
              "state": "failed",
              "speed": null,
              "pass": false,
              "fail": true,
              "pending": false,
              "context": "[\n  {\n    \"title\": \"cypress-mochawesome-reporter-videos-failed\",\n    \"value\": \"cypress\\\\e2e\\\\uiTest.cy.js\"\n  },\n  {\n    \"title\": \"cypress-mochawesome-reporter-screenshots\",\n    \"value\": [\n      [\n        \"\\\\uiTest.cy.js\\\\Validate superUser an create different type of user -- Super Admin creates new Director (failed).png\"\n      ]\n    ]\n  }\n]",
              "code": "cy.fixture(\"director\").then(directorData => {\n  //cy.wait(3000);\n  const username = directorData.directorUserName + (0, _utils.generateRandomString)(3);\n  directorObj.clickDirectorCreationTab();\n  directorObj.clickOnOpeningDirectorCreation();\n  directorObj.createDirector(directorData.directorFirstName, directorData.directorLastName, directorData.directorMobileNumber, directorData.directorEmail, username, directorData.directorPassword, directorData.directorConfirmPassword);\n  cy.logger(\"application\", \"Form Filled for Director creation on Dashboard-->Director Creation\");\n  directorObj.clickOnCreateDirector();\n  // loginObj.verifyLoginSuccessMsg(registerUserdata.loginmsg);\n  //cy.wait(3000);\n  directorObj.verifyDirectorOnDashboard(username);\n  cy.logger(\"application\", \"Validated Director on Dashboard-->Director Test\");\n  cy.logger(\"application\", \"Clicked on Director Creating button -->Director Creation\");\n});",
              "err": {
                "message": "AssertionError: Timed out retrying after 20000ms: expected '<td>' to have text 'kobeXkI', but the text was 'TBD_Director_Ftworth'",
                "estack": "AssertionError: Timed out retrying after 20000ms: expected '<td>' to have text 'kobeXkI', but the text was 'TBD_Director_Ftworth'\n    at Director.verifyDirectorOnDashboard (webpack://cypressframework/./cypress/PageClass/Director.js:39:49)\n    at Context.eval (webpack://cypressframework/./cypress/e2e/uiTest/superAdmin/SuperAdminCreatedUsers.cy.js:131:18)",
                "diff": "- 'TBD_Director_Ftworth'\n+ 'kobeXkI'\n"
              },
              "uuid": "2f9924a3-aa3c-4c4c-a75b-b887a2a126f7",
              "parentUUID": "6cff9ae3-f9c9-4476-8bb0-3e0c39ee3468",
              "isHook": false,
              "skipped": false
            }
          ],
          "suites": [],
          "passes": [
            "bd3620fa-c8c8-4fdb-af3a-c09feb020b2b"
          ],
          "failures": [
            "882dcee8-dae2-4134-b5b7-77060e0c8cfe",
            "381199c8-dea4-4192-835a-bbb9de660f5a",
            "2f9924a3-aa3c-4c4c-a75b-b887a2a126f7"
          ],
          "pending": [],
          "skipped": [],
          "duration": 212922,
          "root": false,
          "rootEmpty": false,
          "_timeout": 2000
        }
      ],
      "passes": [],
      "failures": [],
      "pending": [],
      "skipped": [],
      "duration": 0,
      "root": true,
      "rootEmpty": true,
      "_timeout": 2000
    }
  ],
  "meta": {
    "mocha": {
      "version": "7.0.1"
    },
    "mochawesome": {
      "options": {
        "quiet": false,
        "reportFilename": "mochawesome",
        "saveHtml": true,
        "saveJson": true,
        "consoleReporter": "spec",
        "useInlineDiffs": false,
        "code": true
      },
      "version": "7.1.3"
    },
    "marge": {
      "options": {
        "reportDir": "cypress/reports/UIReport",
        "overwrite": true
      },
      "version": "6.2.0"
    }
  }
}