{
  "stats": {
    "suites": 1,
    "tests": 2,
    "passes": 2,
    "pending": 0,
    "failures": 0,
    "start": "2024-02-20T12:46:03.088Z",
    "end": "2024-02-20T12:47:13.069Z",
    "duration": 69981,
    "testsRegistered": 2,
    "passPercent": 100,
    "pendingPercent": 0,
    "other": 0,
    "hasOther": false,
    "skipped": 0,
    "hasSkipped": false
  },
  "results": [
    {
      "uuid": "021861bd-6aa3-4e62-a7fa-81c6e936ae4e",
      "title": "",
      "fullFile": "cypress\\e2e\\uiTest.cy.js",
      "file": "cypress\\e2e\\uiTest.cy.js",
      "beforeHooks": [],
      "afterHooks": [],
      "tests": [],
      "suites": [
        {
          "uuid": "819084a5-1484-4d1d-8df0-995465110707",
          "title": "Validate User is Register",
          "fullFile": "",
          "file": "",
          "beforeHooks": [],
          "afterHooks": [],
          "tests": [
            {
              "title": "Verify User is able to login",
              "fullTitle": "Validate User is Register Verify User is able to login",
              "timedOut": null,
              "duration": 19021,
              "state": "passed",
              "speed": "slow",
              "pass": true,
              "fail": false,
              "pending": false,
              "context": "{\n  \"title\": \"cypress-mochawesome-reporter-videos-passed\",\n  \"value\": \"cypress\\\\e2e\\\\uiTest.cy.js\"\n}",
              "code": "cy.wait(3000);\nloginObj.verifyUserOnDashboard();\ncy.logger(\"application\", \"Validated SuperAdmin on Dashboard-->Login Test\");\nconst loadTime = Date.now() - startTime;\ncy.logger(\"performance\", `TotalTime taken to LoginUser: ${loadTime}ms`);",
              "err": {},
              "uuid": "b7382f61-4f7a-4b4b-a62a-50e2de39b11b",
              "parentUUID": "819084a5-1484-4d1d-8df0-995465110707",
              "isHook": false,
              "skipped": false
            },
            {
              "title": "Super Admin creates new Admin",
              "fullTitle": "Validate User is Register Super Admin creates new Admin",
              "timedOut": null,
              "duration": 44838,
              "state": "passed",
              "speed": "slow",
              "pass": true,
              "fail": false,
              "pending": false,
              "context": "{\n  \"title\": \"cypress-mochawesome-reporter-videos-passed\",\n  \"value\": \"cypress\\\\e2e\\\\uiTest.cy.js\"\n}",
              "code": "cy.fixture(\"admin\").then(adminData => {\n  const username = adminData.userName + (0, _utils.generateRandomString)(3);\n  loginObj.clickAdminCreationTab();\n  loginObj.clickOnOpeningAdminCreation();\n  loginObj.createAdmin(adminData.adminFirstName, adminData.adminLastName, adminData.adminMobileNumber, adminData.adminEmail, username, adminData.password, adminData.confirmPassword);\n  cy.logger(\"application\", \"Form Filled for Admin creation on Dashboard-->Admin Creation\");\n  loginObj.clickOnCreateAdmin();\n  // loginObj.verifyLoginSuccessMsg(registerUserdata.loginmsg);\n  cy.wait(3000);\n  loginObj.verifyAdminOnDashboard(username);\n  cy.logger(\"application\", \"Validated SuperAdmin on Dashboard-->Login Test\");\n  cy.logger(\"application\", \"Clicked on Admin Creating button -->Admin Creation\");\n  const loadTime = Date.now() - startTime;\n  cy.logger(\"performance\", `TotalTime taken to LoginUser: ${loadTime}ms`);\n});",
              "err": {},
              "uuid": "e1056df3-108c-42dd-af79-f9d235b7fa5a",
              "parentUUID": "819084a5-1484-4d1d-8df0-995465110707",
              "isHook": false,
              "skipped": false
            }
          ],
          "suites": [],
          "passes": [
            "b7382f61-4f7a-4b4b-a62a-50e2de39b11b",
            "e1056df3-108c-42dd-af79-f9d235b7fa5a"
          ],
          "failures": [],
          "pending": [],
          "skipped": [],
          "duration": 63859,
          "root": false,
          "rootEmpty": false,
          "_timeout": 2000
        }
      ],
      "passes": [],
      "failures": [],
      "pending": [],
      "skipped": [],
      "duration": 0,
      "root": true,
      "rootEmpty": true,
      "_timeout": 2000
    }
  ],
  "meta": {
    "mocha": {
      "version": "7.0.1"
    },
    "mochawesome": {
      "options": {
        "quiet": false,
        "reportFilename": "mochawesome",
        "saveHtml": true,
        "saveJson": true,
        "consoleReporter": "spec",
        "useInlineDiffs": false,
        "code": true
      },
      "version": "7.1.3"
    },
    "marge": {
      "options": {
        "reportDir": "cypress/reports/UIReport",
        "overwrite": true
      },
      "version": "6.2.0"
    }
  }
}