{
  "stats": {
    "suites": 1,
    "tests": 4,
    "passes": 4,
    "pending": 0,
    "failures": 0,
    "start": "2024-02-22T13:12:59.859Z",
    "end": "2024-02-22T13:14:35.636Z",
    "duration": 95777,
    "testsRegistered": 4,
    "passPercent": 100,
    "pendingPercent": 0,
    "other": 0,
    "hasOther": false,
    "skipped": 0,
    "hasSkipped": false
  },
  "results": [
    {
      "uuid": "69108e77-28f6-49bc-bc79-29278262d4f1",
      "title": "",
      "fullFile": "cypress\\e2e\\uiTest.cy.js",
      "file": "cypress\\e2e\\uiTest.cy.js",
      "beforeHooks": [],
      "afterHooks": [],
      "tests": [],
      "suites": [
        {
          "uuid": "089d9979-5ede-4fd7-b777-9ce91cd3d900",
          "title": "Validate User is Register",
          "fullFile": "",
          "file": "",
          "beforeHooks": [],
          "afterHooks": [],
          "tests": [
            {
              "title": "Verify User is able to login",
              "fullTitle": "Validate User is Register Verify User is able to login",
              "timedOut": null,
              "duration": 18861,
              "state": "passed",
              "speed": "slow",
              "pass": true,
              "fail": false,
              "pending": false,
              "context": "{\n  \"title\": \"cypress-mochawesome-reporter-videos-passed\",\n  \"value\": \"cypress\\\\e2e\\\\uiTest.cy.js\"\n}",
              "code": "cy.wait(6000);\nloginObj.verifyUserOnDashboard();\ncy.logger(\"application\", \"Validated SuperAdmin on Dashboard-->Login Test\");\nconst loadTime = Date.now() - startTime;\ncy.logger(\"performance\", `TotalTime taken to LoginUser: ${loadTime}ms`);",
              "err": {},
              "uuid": "116deaca-da62-4582-9f2d-e9733556eae9",
              "parentUUID": "089d9979-5ede-4fd7-b777-9ce91cd3d900",
              "isHook": false,
              "skipped": false
            },
            {
              "title": "Super Admin creates new Admin",
              "fullTitle": "Validate User is Register Super Admin creates new Admin",
              "timedOut": null,
              "duration": 24615,
              "state": "passed",
              "speed": "slow",
              "pass": true,
              "fail": false,
              "pending": false,
              "context": "{\n  \"title\": \"cypress-mochawesome-reporter-videos-passed\",\n  \"value\": \"cypress\\\\e2e\\\\uiTest.cy.js\"\n}",
              "code": "cy.fixture(\"admin\").then(adminData => {\n  cy.wait(3000);\n  const username = adminData.adminUserName + (0, _utils.generateRandomString)(3);\n  adminObj.clickAdminCreationTab();\n  adminObj.clickOnOpeningAdminCreation();\n  adminObj.createAdmin(adminData.adminFirstName, adminData.adminLastName, adminData.adminMobileNumber, adminData.adminEmail, username, adminData.adminPassword, adminData.adminConfirmPassword);\n  cy.logger(\"application\", \"Form Filled for Admin creation on Dashboard-->Admin Creation\");\n  adminObj.clickOnCreateAdmin();\n  cy.logger(\"application\", \"Clicked on Admin Creating button -->Admin Creation\");\n  // loginObj.verifyLoginSuccessMsg(registerUserdata.loginmsg);\n  cy.wait(3000);\n  adminObj.verifyAdminOnDashboard(username);\n  cy.logger(\"application\", \"Validated SuperAdmin on Dashboard-->Admin Creation\");\n});",
              "err": {},
              "uuid": "870d2888-c784-4495-9330-e989043e1c24",
              "parentUUID": "089d9979-5ede-4fd7-b777-9ce91cd3d900",
              "isHook": false,
              "skipped": false
            },
            {
              "title": "Super Admin creates new Diagnostician",
              "fullTitle": "Validate User is Register Super Admin creates new Diagnostician",
              "timedOut": null,
              "duration": 24039,
              "state": "passed",
              "speed": "slow",
              "pass": true,
              "fail": false,
              "pending": false,
              "context": "{\n  \"title\": \"cypress-mochawesome-reporter-videos-passed\",\n  \"value\": \"cypress\\\\e2e\\\\uiTest.cy.js\"\n}",
              "code": "cy.fixture(\"diagnostician\").then(diagnosticianData => {\n  cy.wait(3000);\n  const username = diagnosticianData.diagnosticianUserName + (0, _utils.generateRandomString)(3);\n  diagnosticianObj.clickDiagnosticianCreationTab();\n  diagnosticianObj.clickOnOpeningDiagnosticianCreation();\n  diagnosticianObj.createDiagnostician(diagnosticianData.diagnosticianFirstName, diagnosticianData.diagnosticianLastName, diagnosticianData.diagnosticianMobileNumber, diagnosticianData.diagnosticianEmail, username, diagnosticianData.diagnosticianPassword, diagnosticianData.diagnosticianConfirmPassword);\n  cy.logger(\"application\", \"Form Filled for Diagnostician creation on Dashboard-->Diagnostician Creation\");\n  diagnosticianObj.clickOnCreateDiagnostician();\n  cy.logger(\"application\", \"Clicked on Diagnostician Creating button -->Diagnostician Creation\");\n  // loginObj.verifyLoginSuccessMsg(registerUserdata.loginmsg);\n  cy.wait(3000);\n  diagnosticianObj.verifyDiagnosticianOnDashboard(username);\n  cy.logger(\"application\", \"Validated  newly created Diagnostician on Dashboard-->Diagnostician Test\");\n});",
              "err": {},
              "uuid": "d35f99f7-d4a0-449b-b74b-222edb787880",
              "parentUUID": "089d9979-5ede-4fd7-b777-9ce91cd3d900",
              "isHook": false,
              "skipped": false
            },
            {
              "title": "Super Admin creates new Director",
              "fullTitle": "Validate User is Register Super Admin creates new Director",
              "timedOut": null,
              "duration": 24549,
              "state": "passed",
              "speed": "slow",
              "pass": true,
              "fail": false,
              "pending": false,
              "context": "{\n  \"title\": \"cypress-mochawesome-reporter-videos-passed\",\n  \"value\": \"cypress\\\\e2e\\\\uiTest.cy.js\"\n}",
              "code": "cy.fixture(\"director\").then(directorData => {\n  cy.wait(3000);\n  const username = directorData.directorUserName + (0, _utils.generateRandomString)(3);\n  directorObj.clickDirectorCreationTab();\n  directorObj.clickOnOpeningDirectorCreation();\n  directorObj.createDirector(directorData.directorFirstName, directorData.directorLastName, directorData.directorMobileNumber, directorData.directorEmail, username, directorData.directorPassword, directorData.directorConfirmPassword);\n  cy.logger(\"application\", \"Form Filled for Director creation on Dashboard-->Director Creation\");\n  directorObj.clickOnCreateDirector();\n  // loginObj.verifyLoginSuccessMsg(registerUserdata.loginmsg);\n  cy.wait(3000);\n  directorObj.verifyDirectorOnDashboard(username);\n  cy.logger(\"application\", \"Validated Director on Dashboard-->Director Test\");\n  cy.logger(\"application\", \"Clicked on Director Creating button -->Director Creation\");\n});",
              "err": {},
              "uuid": "7f1d14d2-ad99-44f5-9fb9-ae29a70a713b",
              "parentUUID": "089d9979-5ede-4fd7-b777-9ce91cd3d900",
              "isHook": false,
              "skipped": false
            }
          ],
          "suites": [],
          "passes": [
            "116deaca-da62-4582-9f2d-e9733556eae9",
            "870d2888-c784-4495-9330-e989043e1c24",
            "d35f99f7-d4a0-449b-b74b-222edb787880",
            "7f1d14d2-ad99-44f5-9fb9-ae29a70a713b"
          ],
          "failures": [],
          "pending": [],
          "skipped": [],
          "duration": 92064,
          "root": false,
          "rootEmpty": false,
          "_timeout": 2000
        }
      ],
      "passes": [],
      "failures": [],
      "pending": [],
      "skipped": [],
      "duration": 0,
      "root": true,
      "rootEmpty": true,
      "_timeout": 2000
    }
  ],
  "meta": {
    "mocha": {
      "version": "7.0.1"
    },
    "mochawesome": {
      "options": {
        "quiet": false,
        "reportFilename": "mochawesome",
        "saveHtml": true,
        "saveJson": true,
        "consoleReporter": "spec",
        "useInlineDiffs": false,
        "code": true
      },
      "version": "7.1.3"
    },
    "marge": {
      "options": {
        "reportDir": "cypress/reports/UIReport",
        "overwrite": true
      },
      "version": "6.2.0"
    }
  }
}