{
  "stats": {
    "suites": 3,
    "tests": 5,
    "passes": 5,
    "pending": 0,
    "failures": 0,
    "start": "2024-02-14T13:46:04.944Z",
    "end": "2024-02-14T13:47:11.794Z",
    "duration": 66850,
    "testsRegistered": 5,
    "passPercent": 100,
    "pendingPercent": 0,
    "other": 0,
    "hasOther": false,
    "skipped": 0,
    "hasSkipped": false
  },
  "results": [
    {
      "uuid": "35a2a3a5-219d-4cfc-b780-9809b2cd7176",
      "title": "",
      "fullFile": "cypress\\e2e\\uiTest.cy.js",
      "file": "cypress\\e2e\\uiTest.cy.js",
      "beforeHooks": [],
      "afterHooks": [],
      "tests": [],
      "suites": [
        {
          "uuid": "810ce92f-51b1-4d1f-bd55-e8e529d2331a",
          "title": "Validate User is Register",
          "fullFile": "",
          "file": "",
          "beforeHooks": [],
          "afterHooks": [],
          "tests": [
            {
              "title": "Verify User is able to login",
              "fullTitle": "Validate User is Register Verify User is able to login",
              "timedOut": null,
              "duration": 11053,
              "state": "passed",
              "speed": "slow",
              "pass": true,
              "fail": false,
              "pending": false,
              "context": "{\n  \"title\": \"cypress-mochawesome-reporter-videos-passed\",\n  \"value\": \"cypress\\\\e2e\\\\uiTest.cy.js\"\n}",
              "code": "cy.fixture('Testdata').then(registerUserdata => {\n  const loginobj = new _Login.default();\n  loginobj.clickLogin();\n  loginobj.setUserName(registerUserdata.UserName);\n  loginobj.setPassword(registerUserdata.UserPassword);\n  cy.logger('application', \"Entered User Details-->Login Test\");\n  loginobj.clickLoginbtn();\n  loginobj.verifyLoginSuccessMsg(registerUserdata.loginmsg);\n  cy.logger('application', \"Validated success Login Msg-->Login Test\");\n  const loadTime = Date.now() - startTime;\n  cy.logger('performance', `TotalTime taken to LoginUser: ${loadTime}ms`);\n});",
              "err": {},
              "uuid": "04a8fec9-1219-4a00-8d2e-868806d4dd7c",
              "parentUUID": "810ce92f-51b1-4d1f-bd55-e8e529d2331a",
              "isHook": false,
              "skipped": false
            }
          ],
          "suites": [],
          "passes": [
            "04a8fec9-1219-4a00-8d2e-868806d4dd7c"
          ],
          "failures": [],
          "pending": [],
          "skipped": [],
          "duration": 11053,
          "root": false,
          "rootEmpty": false,
          "_timeout": 2000
        },
        {
          "uuid": "00712547-b9a8-444c-8b5e-fb8d102cb16a",
          "title": "Validate User is Register",
          "fullFile": "",
          "file": "",
          "beforeHooks": [],
          "afterHooks": [],
          "tests": [
            {
              "title": "Verify User is able to signup",
              "fullTitle": "Validate User is Register Verify User is able to signup",
              "timedOut": null,
              "duration": 4208,
              "state": "passed",
              "speed": "fast",
              "pass": true,
              "fail": false,
              "pending": false,
              "context": "{\n  \"title\": \"cypress-mochawesome-reporter-videos-passed\",\n  \"value\": \"cypress\\\\e2e\\\\uiTest.cy.js\"\n}",
              "code": "cy.fixture(\"Testdata\").then(registerUserdata => {\n  const SignUpobj = new _SignUp.default();\n  SignUpobj.clickSignUp();\n  SignUpobj.setUserName(registerUserdata.UserName + Math.floor(Math.random() * 101));\n  SignUpobj.setPassword(registerUserdata.UserPassword);\n  cy.logger(\"application\", \"Entered User details-->SignUp Test\");\n  SignUpobj.clickSubmit();\n  SignUpobj.verifySuccessMsg(registerUserdata.expectedsignupMsg);\n  cy.logger(\"application\", \"Verified User SignUp-->SignUp Test\");\n  const loadTime = Date.now() - startTime;\n  cy.logger(\"performance\", `TotalTime taken to registerUser: ${loadTime}ms`);\n});",
              "err": {},
              "uuid": "da646d1b-d522-401d-8512-bab78408b2c3",
              "parentUUID": "00712547-b9a8-444c-8b5e-fb8d102cb16a",
              "isHook": false,
              "skipped": false
            },
            {
              "title": "Verify User Exist message",
              "fullTitle": "Validate User is Register Verify User Exist message",
              "timedOut": null,
              "duration": 4199,
              "state": "passed",
              "speed": "fast",
              "pass": true,
              "fail": false,
              "pending": false,
              "context": "{\n  \"title\": \"cypress-mochawesome-reporter-videos-passed\",\n  \"value\": \"cypress\\\\e2e\\\\uiTest.cy.js\"\n}",
              "code": "cy.fixture(\"Testdata\").then(registerUserdata => {\n  const SignUpobj = new _SignUp.default();\n  SignUpobj.clickSignUp();\n  SignUpobj.setUserName(registerUserdata.UserName);\n  SignUpobj.setPassword(registerUserdata.UserPassword);\n  SignUpobj.clickSubmit();\n  SignUpobj.verifyUserexist(registerUserdata.userExistMsg);\n  cy.logger(\"application\", \"Verify User Exist message\");\n});",
              "err": {},
              "uuid": "4cb10e62-db31-4656-ad63-dec77052e4cc",
              "parentUUID": "00712547-b9a8-444c-8b5e-fb8d102cb16a",
              "isHook": false,
              "skipped": false
            },
            {
              "title": "Verify Invalid Data message",
              "fullTitle": "Validate User is Register Verify Invalid Data message",
              "timedOut": null,
              "duration": 1788,
              "state": "passed",
              "speed": "fast",
              "pass": true,
              "fail": false,
              "pending": false,
              "context": "{\n  \"title\": \"cypress-mochawesome-reporter-videos-passed\",\n  \"value\": \"cypress\\\\e2e\\\\uiTest.cy.js\"\n}",
              "code": "cy.fixture(\"Testdata\").then(registerUserdata => {\n  const SignUpobj = new _SignUp.default();\n  SignUpobj.clickSignUp();\n  SignUpobj.clickSubmit();\n  SignUpobj.verifyUserexist(registerUserdata.InvalidDataMsg);\n  cy.logger(\"application\", \"Verify Invalid Data message\");\n});",
              "err": {},
              "uuid": "ee1b0b9f-82a2-4391-a9a6-0deb8b0cf75f",
              "parentUUID": "00712547-b9a8-444c-8b5e-fb8d102cb16a",
              "isHook": false,
              "skipped": false
            }
          ],
          "suites": [],
          "passes": [
            "da646d1b-d522-401d-8512-bab78408b2c3",
            "4cb10e62-db31-4656-ad63-dec77052e4cc",
            "ee1b0b9f-82a2-4391-a9a6-0deb8b0cf75f"
          ],
          "failures": [],
          "pending": [],
          "skipped": [],
          "duration": 10195,
          "root": false,
          "rootEmpty": false,
          "_timeout": 2000
        },
        {
          "uuid": "f0070446-497a-4a3e-9125-a712266e6ee7",
          "title": "Validate User is able to make Purchase",
          "fullFile": "",
          "file": "",
          "beforeHooks": [],
          "afterHooks": [],
          "tests": [
            {
              "title": "Validate Add Product",
              "fullTitle": "Validate User is able to make Purchase Validate Add Product",
              "timedOut": null,
              "duration": 35352,
              "state": "passed",
              "speed": "slow",
              "pass": true,
              "fail": false,
              "pending": false,
              "context": "[\n  {\n    \"title\": \"cypress-mochawesome-reporter-videos-passed\",\n    \"value\": \"cypress\\\\e2e\\\\uiTest.cy.js\"\n  },\n  {\n    \"title\": \"cypress-mochawesome-reporter-screenshots\",\n    \"value\": [\n      [\n        \"\\\\uiTest.cy.js\\\\Validate User is able to make Purchase -- Validate Add Product.png\",\n        \"\\\\uiTest.cy.js\\\\Validate User is able to make Purchase -- Validate Add Product (1).png\",\n        \"\\\\uiTest.cy.js\\\\OrderPurchased.png\"\n      ]\n    ]\n  }\n]",
              "code": "cy.viewport(1920, 1080);\ncy.fixture('product').then(data => {\n  const loginobj = new _Login.default();\n  loginobj.clickLogin();\n  loginobj.setUserName(data.UserName);\n  loginobj.setPassword(data.UserPassword);\n  cy.logger('application', \"Entered User Details-->Login Test\");\n  loginobj.clickLoginbtn();\n  loginobj.verifyLoginSuccessMsg(data.loginmsg);\n  cy.logger('application', \"Validated success Login Msg-->Login Test\");\n  const prdobj = new _AddProduct.default();\n  prdobj.addProduct();\n  prdobj.enterName(data.name);\n  prdobj.entercountry(data.Country);\n  prdobj.entercity(data.City);\n  prdobj.entercard(data.Creditcard);\n  prdobj.entermonth(data.Month);\n  prdobj.enteryear(data.Year);\n  prdobj.clickPurchase();\n  prdobj.validateOrder();\n  const loadTime = Date.now() - startTime;\n  cy.logger('performance', `TotalTime taken to Purchase Product: ${loadTime}ms`);\n});",
              "err": {},
              "uuid": "883ae7ea-54c9-44cc-a3c5-80930cbbbfed",
              "parentUUID": "f0070446-497a-4a3e-9125-a712266e6ee7",
              "isHook": false,
              "skipped": false
            }
          ],
          "suites": [],
          "passes": [
            "883ae7ea-54c9-44cc-a3c5-80930cbbbfed"
          ],
          "failures": [],
          "pending": [],
          "skipped": [],
          "duration": 35352,
          "root": false,
          "rootEmpty": false,
          "_timeout": 2000
        }
      ],
      "passes": [],
      "failures": [],
      "pending": [],
      "skipped": [],
      "duration": 0,
      "root": true,
      "rootEmpty": true,
      "_timeout": 2000
    }
  ],
  "meta": {
    "mocha": {
      "version": "7.0.1"
    },
    "mochawesome": {
      "options": {
        "quiet": false,
        "reportFilename": "mochawesome",
        "saveHtml": true,
        "saveJson": true,
        "consoleReporter": "spec",
        "useInlineDiffs": false,
        "code": true
      },
      "version": "7.1.3"
    },
    "marge": {
      "options": {
        "reportDir": "cypress/reports/UIReport",
        "overwrite": true
      },
      "version": "6.2.0"
    }
  }
}